[debug] [2024-09-15T03:17:25.767Z] ----------------------------------------------------------------------
[debug] [2024-09-15T03:17:25.770Z] Command:       C:\Program Files\nodejs\node.exe C:\Users\Sor.Chhin\AppData\Roaming\npm\node_modules\firebase-tools\lib\bin\firebase.js init
[debug] [2024-09-15T03:17:25.770Z] CLI Version:   13.17.0
[debug] [2024-09-15T03:17:25.771Z] Platform:      win32
[debug] [2024-09-15T03:17:25.771Z] Node Version:  v18.20.4
[debug] [2024-09-15T03:17:25.772Z] Time:          Sun Sep 15 2024 10:17:25 GMT+0700 (Indochina Time)
[debug] [2024-09-15T03:17:25.772Z] ----------------------------------------------------------------------
[debug] 
[debug] [2024-09-15T03:17:25.784Z] > command requires scopes: ["email","openid","https://www.googleapis.com/auth/cloudplatformprojects.readonly","https://www.googleapis.com/auth/firebase","https://www.googleapis.com/auth/cloud-platform"]
[debug] [2024-09-15T03:17:25.785Z] > authorizing via signed-in user (sor.chhin@student.passerellesnumeriques.org)
[info] 
     ######## #### ########  ######## ########     ###     ######  ########
     ##        ##  ##     ## ##       ##     ##  ##   ##  ##       ##
     ######    ##  ########  ######   ########  #########  ######  ######
     ##        ##  ##    ##  ##       ##     ## ##     ##       ## ##
     ##       #### ##     ## ######## ########  ##     ##  ######  ########

You're about to initialize a Firebase project in this directory:

  C:\Users\Sor.Chhin\Desktop\ABA

[info] 
=== Project Setup
[info] 
[info] First, let's associate this project directory with a Firebase project.
[info] You can create multiple project aliases by running firebase use --add, 
[info] but for now we'll just set up a default project.
[info] 
[debug] [2024-09-15T03:17:34.735Z] >>> [apiv2][query] GET https://firebase.googleapis.com/v1beta1/projects pageSize=100
[debug] [2024-09-15T03:17:35.829Z] <<< [apiv2][status] GET https://firebase.googleapis.com/v1beta1/projects 200
[debug] [2024-09-15T03:17:35.830Z] <<< [apiv2][body] GET https://firebase.googleapis.com/v1beta1/projects [omitted]
